<?xml version="1.0" encoding="UTF-8"?>
<!-- Generated by org.testng.reporters.JUnitReportReporter -->
<testsuite skipped="0" hostname="DESKTOP-RIGKATV" name="org.sample.sample" tests="1" failures="0" timestamp="23 Apr 2022 12:25:18 GMT" time="0.003" errors="0">
  <testcase name="tc5" time="0.003" classname="org.sample.sample"/>
</testsuite> <!-- org.sample.sample -->
