<?xml version="1.0" encoding="UTF-8"?>
<!-- Generated by org.testng.reporters.JUnitReportReporter -->
<testsuite skipped="0" hostname="DESKTOP-RIGKATV" name="org.demo.Demo" tests="4" failures="0" timestamp="26 Apr 2022 12:07:05 GMT" time="31.044" errors="0">
  <testcase name="tc3" time="5.408" classname="org.demo.Demo"/>
  <testcase name="tc2" time="1.915" classname="org.demo.Demo"/>
  <testcase name="tc2" time="5.477" classname="org.demo.Demo"/>
  <testcase name="tc1" time="18.244" classname="org.demo.Demo"/>
</testsuite> <!-- org.demo.Demo -->
